1539341971574	mozrunner::runner	INFO	Running command: "/usr/bin/firefox" "-marionette" "-foreground" "-no-remote" "-profile" "/tmp/rust_mozprofile.r4qx5HYItQBd"

(firefox:8904): Gtk-WARNING **: 11:59:32.534: Theme parsing error: <data>:1:34: Expected ')' in color definition

(firefox:8904): Gtk-WARNING **: 11:59:32.534: Theme parsing error: <data>:1:77: Expected ')' in color definition
1539341973836	Marionette	INFO	Listening on port 46069
1539341973907	Marionette	WARN	TLS certificate errors will be ignored for this session
1539341973965	Marionette	DEBUG	[2147483649] Frame script loaded
1539341973976	Marionette	DEBUG	[2147483649] Frame script registered
[Parent 8904, Gecko_IOThread] WARNING: pipe error (75): Connection reset by peer: file /build/firefox-IVlCbR/firefox-62.0.3+build1/ipc/chromium/src/chrome/common/ipc_channel_posix.cc, line 353
1539341987711	Marionette	INFO	Stopped listening on port 46069
1539440220709	mozrunner::runner	INFO	Running command: "/usr/bin/firefox" "-marionette" "-foreground" "-no-remote" "-profile" "/tmp/rust_mozprofile.Akvewf1oaNpk"

(firefox:10911): Gtk-WARNING **: 15:17:01.650: Theme parsing error: <data>:1:34: Expected ')' in color definition

(firefox:10911): Gtk-WARNING **: 15:17:01.650: Theme parsing error: <data>:1:77: Expected ')' in color definition
1539440222934	Marionette	INFO	Listening on port 43441
1539440223020	Marionette	WARN	TLS certificate errors will be ignored for this session
1539440223073	Marionette	DEBUG	[2147483649] Frame script loaded
1539440223087	Marionette	DEBUG	[2147483649] Frame script registered
[Parent 10911, Gecko_IOThread] WARNING: pipe error (73): Connection reset by peer: file /build/firefox-IVlCbR/firefox-62.0.3+build1/ipc/chromium/src/chrome/common/ipc_channel_posix.cc, line 353
1539440241008	Marionette	INFO	Stopped listening on port 43441
1539440321452	mozrunner::runner	INFO	Running command: "/usr/bin/firefox" "-marionette" "-foreground" "-no-remote" "-profile" "/tmp/rust_mozprofile.rf05rL9uguaK"

(firefox:11274): Gtk-WARNING **: 15:18:42.120: Theme parsing error: <data>:1:34: Expected ')' in color definition

(firefox:11274): Gtk-WARNING **: 15:18:42.120: Theme parsing error: <data>:1:77: Expected ')' in color definition
1539440323385	Marionette	INFO	Listening on port 42311
1539440323487	Marionette	WARN	TLS certificate errors will be ignored for this session
1539440323540	Marionette	DEBUG	[2147483649] Frame script loaded
1539440323548	Marionette	DEBUG	[2147483649] Frame script registered
[Parent 11274, Gecko_IOThread] WARNING: pipe error (76): Connection reset by peer: file /build/firefox-IVlCbR/firefox-62.0.3+build1/ipc/chromium/src/chrome/common/ipc_channel_posix.cc, line 353
1539440478847	Marionette	INFO	Stopped listening on port 42311
1539440744178	mozrunner::runner	INFO	Running command: "/usr/bin/firefox" "-marionette" "-foreground" "-no-remote" "-profile" "/tmp/rust_mozprofile.HsXxh4XRIch3"

(firefox:11718): Gtk-WARNING **: 15:25:44.846: Theme parsing error: <data>:1:34: Expected ')' in color definition

(firefox:11718): Gtk-WARNING **: 15:25:44.846: Theme parsing error: <data>:1:77: Expected ')' in color definition
1539440746098	Marionette	INFO	Listening on port 33347
1539440746193	Marionette	WARN	TLS certificate errors will be ignored for this session
1539440746248	Marionette	DEBUG	[2147483649] Frame script loaded
1539440746249	Marionette	DEBUG	[2147483649] Frame script registered
1539440746276	Marionette	DEBUG	[2147483649] Received DOM event beforeunload for about:blank
1539440746297	Marionette	DEBUG	[2147483649] Received DOM event beforeunload for about:blank
1539440746302	Marionette	DEBUG	[2147483649] Received DOM event pagehide for about:blank
1539440746395	Marionette	DEBUG	[2147483649] Received DOM event DOMContentLoaded for about:neterror?e=nssFailure2&u=https%3A//localhost%3A8000/&c=UTF-8&f=regular&d=%20
[Parent 11718, Gecko_IOThread] WARNING: pipe error (44): Connection reset by peer: file /build/firefox-IVlCbR/firefox-62.0.3+build1/ipc/chromium/src/chrome/common/ipc_channel_posix.cc, line 353
1539440761282	Marionette	INFO	Stopped listening on port 33347
1539440811180	mozrunner::runner	INFO	Running command: "/usr/bin/firefox" "-marionette" "-foreground" "-no-remote" "-profile" "/tmp/rust_mozprofile.nK5j30GJzr1c"

(firefox:12023): Gtk-WARNING **: 15:26:51.808: Theme parsing error: <data>:1:34: Expected ')' in color definition

(firefox:12023): Gtk-WARNING **: 15:26:51.809: Theme parsing error: <data>:1:77: Expected ')' in color definition
1539440813022	Marionette	INFO	Listening on port 44293
1539440813095	Marionette	WARN	TLS certificate errors will be ignored for this session
1539440813150	Marionette	DEBUG	[2147483649] Frame script loaded
1539440813167	Marionette	DEBUG	[2147483649] Frame script registered
[Parent 12023, Gecko_IOThread] WARNING: pipe error (60): Connection reset by peer: file /build/firefox-IVlCbR/firefox-62.0.3+build1/ipc/chromium/src/chrome/common/ipc_channel_posix.cc, line 353
1539440817698	Marionette	INFO	Stopped listening on port 44293
1539440926102	mozrunner::runner	INFO	Running command: "/usr/bin/firefox" "-marionette" "-foreground" "-no-remote" "-profile" "/tmp/rust_mozprofile.Pzqm3PShM9kl"

(firefox:12242): Gtk-WARNING **: 15:28:46.771: Theme parsing error: <data>:1:34: Expected ')' in color definition

(firefox:12242): Gtk-WARNING **: 15:28:46.771: Theme parsing error: <data>:1:77: Expected ')' in color definition
1539440927942	Marionette	INFO	Listening on port 33647
1539440928018	Marionette	WARN	TLS certificate errors will be ignored for this session
1539440928079	Marionette	DEBUG	[2147483649] Frame script loaded
1539440928083	Marionette	DEBUG	[2147483649] Frame script registered
1539440928116	Marionette	DEBUG	[2147483649] Received DOM event beforeunload for about:blank
1539440928128	Marionette	DEBUG	[2147483649] Received DOM event beforeunload for about:blank
1539440928130	Marionette	DEBUG	[2147483649] Received DOM event pagehide for about:blank
1539440928190	Marionette	DEBUG	[2147483649] Received DOM event DOMContentLoaded for about:neterror?e=nssFailure2&u=https%3A//localhost%3A8000/&c=UTF-8&f=regular&d=%20
1539440928207	Marionette	INFO	Stopped listening on port 33647
1539440928256	addons.xpi	WARN	Exception running bootstrap method shutdown on activity-stream@mozilla.org: [Exception... "Component returned failure code: 0x80070057 (NS_ERROR_ILLEGAL_VALUE) [nsIPrefBranch.removeObserver]"  nsresult: "0x80070057 (NS_ERROR_ILLEGAL_VALUE)"  location: "JS frame :: resource://activity-stream/lib/ActivityStreamPrefs.jsm :: ignoreBranch :: line 29"  data: no] Stack trace: ignoreBranch()@resource://activity-stream/lib/ActivityStreamPrefs.jsm:29
uninit()@resource://activity-stream/lib/Store.jsm:172
uninit()@resource://activity-stream/lib/ActivityStream.jsm:363
uninit()@resource://gre/modules/addons/XPIProvider.jsm -> jar:file:///usr/lib/firefox/browser/features/activity-stream@mozilla.org.xpi!/bootstrap.js:86
shutdown()@resource://gre/modules/addons/XPIProvider.jsm -> jar:file:///usr/lib/firefox/browser/features/activity-stream@mozilla.org.xpi!/bootstrap.js:194
callBootstrapMethod()@resource://gre/modules/addons/XPIProvider.jsm:1592
_shutdown()@resource://gre/modules/addons/XPIProvider.jsm:1728
observe()@resource://gre/modules/AsyncShutdown.jsm:541
GeckoDriver.prototype.quit()@driver.js:3319
despatch()@server.js:297
execute()@server.js:271
onPacket/<()@server.js:246
onPacket()@server.js:245
_onJSONObjectReady/<()@transport.js:500
1539441001749	mozrunner::runner	INFO	Running command: "/usr/bin/firefox" "-marionette" "-foreground" "-no-remote" "-profile" "/tmp/rust_mozprofile.JFPriftCVZkK"

(firefox:12661): Gtk-WARNING **: 15:30:02.402: Theme parsing error: <data>:1:34: Expected ')' in color definition

(firefox:12661): Gtk-WARNING **: 15:30:02.402: Theme parsing error: <data>:1:77: Expected ')' in color definition
1539441003579	Marionette	INFO	Listening on port 40089
1539441003662	Marionette	WARN	TLS certificate errors will be ignored for this session
1539441003713	Marionette	DEBUG	[2147483649] Frame script loaded
1539441003717	Marionette	DEBUG	[2147483649] Frame script registered
1539441003743	Marionette	DEBUG	[2147483649] Received DOM event beforeunload for about:blank
1539441003788	Marionette	DEBUG	[2147483649] Received DOM event pagehide for about:blank
1539441003816	Marionette	DEBUG	[2147483649] Received DOM event DOMContentLoaded for http://127.0.0.1:8000/
1539441003988	Marionette	DEBUG	[2147483649] Received DOM event pageshow for http://127.0.0.1:8000/
1539441004044	Marionette	INFO	Stopped listening on port 40089
1539441004101	addons.xpi	WARN	Exception running bootstrap method shutdown on activity-stream@mozilla.org: TypeError: setting getter-only property "_currentSearchHostname" (resource://activity-stream/lib/TopSitesFeed.jsm:86:5) JS Stack trace: uninit@TopSitesFeed.jsm:86:5
onAction@TopSitesFeed.jsm:707:9
_middleware/</<@Store.jsm:51:11
Store/this[method]@Store.jsm:29:55
uninit@Store.jsm:170:7
uninit@ActivityStream.jsm:363:5
uninit@resource://gre/modules/addons/XPIProvider.jsm -> jar:file:///usr/lib/firefox/browser/features/activity-stream@bootstrap.js:86:5
shutdown@resource://gre/modules/addons/XPIProvider.jsm -> jar:file:///usr/lib/firefox/browser/features/activity-stream@bootstrap.js:194:3
callBootstrapMethod@XPIProvider.jsm:1592:20
_shutdown@XPIProvider.jsm:1728:12
observe@AsyncShutdown.jsm:541:9
GeckoDriver.prototype.quit@driver.js:3319:3
despatch@server.js:297:20
execute@server.js:271:11
onPacket/<@server.js:246:15
onPacket@server.js:245:8
_onJSONObjectReady/<@transport.js:500:9
1539810202681	mozrunner::runner	INFO	Running command: "/usr/bin/firefox" "-marionette" "-foreground" "-no-remote" "-profile" "/tmp/rust_mozprofile.QJKNvionhAik"

(firefox:11708): Gtk-WARNING **: 22:03:23.636: Theme parsing error: <data>:1:34: Expected ')' in color definition

(firefox:11708): Gtk-WARNING **: 22:03:23.636: Theme parsing error: <data>:1:77: Expected ')' in color definition
1539810204943	Marionette	INFO	Listening on port 41827
1539810205020	Marionette	WARN	TLS certificate errors will be ignored for this session
1539810205082	Marionette	DEBUG	[2147483649] Frame script loaded
1539810205092	Marionette	DEBUG	[2147483649] Frame script registered
1539810205155	Marionette	DEBUG	[2147483649] Received DOM event beforeunload for about:blank
1539810205200	Marionette	DEBUG	[2147483649] Received DOM event pagehide for about:blank
1539810205208	Marionette	DEBUG	[2147483649] Received DOM event DOMContentLoaded for http://127.0.0.1:8000/
1539810205346	Marionette	DEBUG	[2147483649] Received DOM event pageshow for http://127.0.0.1:8000/
1539810205409	Marionette	INFO	Stopped listening on port 41827
1539810205446	addons.xpi	WARN	Exception running bootstrap method shutdown on activity-stream@mozilla.org: TypeError: setting getter-only property "_currentSearchHostname" (resource://activity-stream/lib/TopSitesFeed.jsm:86:5) JS Stack trace: uninit@TopSitesFeed.jsm:86:5
onAction@TopSitesFeed.jsm:707:9
_middleware/</<@Store.jsm:51:11
Store/this[method]@Store.jsm:29:55
uninit@Store.jsm:170:7
uninit@ActivityStream.jsm:363:5
uninit@resource://gre/modules/addons/XPIProvider.jsm -> jar:file:///usr/lib/firefox/browser/features/activity-stream@bootstrap.js:86:5
shutdown@resource://gre/modules/addons/XPIProvider.jsm -> jar:file:///usr/lib/firefox/browser/features/activity-stream@bootstrap.js:194:3
callBootstrapMethod@XPIProvider.jsm:1592:20
_shutdown@XPIProvider.jsm:1728:12
observe@AsyncShutdown.jsm:541:9
GeckoDriver.prototype.quit@driver.js:3319:3
despatch@server.js:297:20
execute@server.js:271:11
onPacket/<@server.js:246:15
onPacket@server.js:245:8
_onJSONObjectReady/<@transport.js:500:9
1539810217386	mozrunner::runner	INFO	Running command: "/usr/bin/firefox" "-marionette" "-foreground" "-no-remote" "-profile" "/tmp/rust_mozprofile.YXdqpLtT239e"

(firefox:11910): Gtk-WARNING **: 22:03:38.038: Theme parsing error: <data>:1:34: Expected ')' in color definition

(firefox:11910): Gtk-WARNING **: 22:03:38.038: Theme parsing error: <data>:1:77: Expected ')' in color definition
1539810219222	Marionette	INFO	Listening on port 40849
1539810219307	Marionette	WARN	TLS certificate errors will be ignored for this session
1539810219360	Marionette	DEBUG	[2147483649] Frame script loaded
1539810219362	Marionette	DEBUG	[2147483649] Frame script registered
1539810219393	Marionette	DEBUG	[2147483649] Received DOM event beforeunload for about:blank
1539810219410	Marionette	DEBUG	[2147483649] Received DOM event pagehide for about:blank
1539810219422	Marionette	DEBUG	[2147483649] Received DOM event DOMContentLoaded for http://127.0.0.1:8000/
1539810219466	Marionette	DEBUG	[2147483649] Received DOM event pageshow for http://127.0.0.1:8000/
1539810219509	Marionette	INFO	Stopped listening on port 40849
1539810219558	addons.xpi	WARN	Exception running bootstrap method shutdown on activity-stream@mozilla.org: [Exception... "Component returned failure code: 0x80070057 (NS_ERROR_ILLEGAL_VALUE) [nsIPrefBranch.removeObserver]"  nsresult: "0x80070057 (NS_ERROR_ILLEGAL_VALUE)"  location: "JS frame :: resource://activity-stream/lib/ActivityStreamPrefs.jsm :: ignoreBranch :: line 29"  data: no] Stack trace: ignoreBranch()@resource://activity-stream/lib/ActivityStreamPrefs.jsm:29
uninit()@resource://activity-stream/lib/Store.jsm:172
uninit()@resource://activity-stream/lib/ActivityStream.jsm:363
uninit()@resource://gre/modules/addons/XPIProvider.jsm -> jar:file:///usr/lib/firefox/browser/features/activity-stream@mozilla.org.xpi!/bootstrap.js:86
shutdown()@resource://gre/modules/addons/XPIProvider.jsm -> jar:file:///usr/lib/firefox/browser/features/activity-stream@mozilla.org.xpi!/bootstrap.js:194
callBootstrapMethod()@resource://gre/modules/addons/XPIProvider.jsm:1592
_shutdown()@resource://gre/modules/addons/XPIProvider.jsm:1728
observe()@resource://gre/modules/AsyncShutdown.jsm:541
GeckoDriver.prototype.quit()@driver.js:3319
despatch()@server.js:297
execute()@server.js:271
onPacket/<()@server.js:246
onPacket()@server.js:245
_onJSONObjectReady/<()@transport.js:500
1539958954498	mozrunner::runner	INFO	Running command: "/usr/bin/firefox" "-marionette" "-foreground" "-no-remote" "-profile" "/tmp/rust_mozprofile.ohdDDQfUQr0F"

(firefox:19605): Gtk-WARNING **: 15:22:35.483: Theme parsing error: <data>:1:34: Expected ')' in color definition

(firefox:19605): Gtk-WARNING **: 15:22:35.483: Theme parsing error: <data>:1:77: Expected ')' in color definition
1539958956781	Marionette	INFO	Listening on port 41513
1539958956816	Marionette	WARN	TLS certificate errors will be ignored for this session
1539958956887	Marionette	DEBUG	[2147483649] Frame script loaded
1539958956904	Marionette	DEBUG	[2147483649] Frame script registered
1539958956945	Marionette	DEBUG	[2147483649] Received DOM event beforeunload for about:blank
1539958956975	Marionette	DEBUG	[2147483649] Received DOM event beforeunload for about:blank
1539958956982	Marionette	DEBUG	[2147483649] Received DOM event pagehide for about:blank
1539958957036	Marionette	DEBUG	[2147483649] Received DOM event DOMContentLoaded for about:neterror?e=connectionFailure&u=http%3A//127.0.0.1%3A8000/&c=UTF-8&f=regular&d=Firefox%20can%E2%80%99t%20establish%20a%20connection%20to%20the%20server%20at%20127.0.0.1%3A8000.
1539958957086	mozrunner::runner	INFO	Running command: "/usr/bin/firefox" "-marionette" "-foreground" "-no-remote" "-profile" "/tmp/rust_mozprofile.zV0aCEIM52l3"

(firefox:19778): Gtk-WARNING **: 15:22:37.811: Theme parsing error: <data>:1:34: Expected ')' in color definition

(firefox:19778): Gtk-WARNING **: 15:22:37.811: Theme parsing error: <data>:1:77: Expected ')' in color definition
1539958958974	Marionette	INFO	Listening on port 33815
1539958959002	Marionette	WARN	TLS certificate errors will be ignored for this session
1539958959061	Marionette	DEBUG	[2147483649] Frame script loaded
1539958959063	Marionette	DEBUG	[2147483649] Frame script registered
1539958959090	Marionette	DEBUG	[2147483649] Received DOM event beforeunload for about:blank
1539958959105	Marionette	DEBUG	[2147483649] Received DOM event beforeunload for about:blank
1539958959108	Marionette	DEBUG	[2147483649] Received DOM event pagehide for about:blank
1539958959149	Marionette	DEBUG	[2147483649] Received DOM event DOMContentLoaded for about:neterror?e=connectionFailure&u=http%3A//127.0.0.1%3A8000/&c=UTF-8&f=regular&d=Firefox%20can%E2%80%99t%20establish%20a%20connection%20to%20the%20server%20at%20127.0.0.1%3A8000.
[Parent 19778, Gecko_IOThread] WARNING: pipe error (77): Connection reset by peer: file /build/firefox-IVlCbR/firefox-62.0.3+build1/ipc/chromium/src/chrome/common/ipc_channel_posix.cc, line 353
1539958962480	Marionette	INFO	Stopped listening on port 33815
[Parent 19605, Gecko_IOThread] WARNING: pipe error (72): Connection reset by peer: file /build/firefox-IVlCbR/firefox-62.0.3+build1/ipc/chromium/src/chrome/common/ipc_channel_posix.cc, line 353
1539958964188	Marionette	INFO	Stopped listening on port 41513
1539959030915	mozrunner::runner	INFO	Running command: "/usr/bin/firefox" "-marionette" "-foreground" "-no-remote" "-profile" "/tmp/rust_mozprofile.VJ8uAR5MU6b4"

(firefox:20063): Gtk-WARNING **: 15:23:51.553: Theme parsing error: <data>:1:34: Expected ')' in color definition

(firefox:20063): Gtk-WARNING **: 15:23:51.553: Theme parsing error: <data>:1:77: Expected ')' in color definition
1539959032812	Marionette	INFO	Listening on port 37081
1539959032824	Marionette	WARN	TLS certificate errors will be ignored for this session
1539959032888	Marionette	DEBUG	[2147483649] Frame script loaded
1539959032891	Marionette	DEBUG	[2147483649] Frame script registered
1539959032933	Marionette	DEBUG	[2147483649] Received DOM event beforeunload for about:blank
1539959032986	Marionette	DEBUG	[2147483649] Received DOM event pagehide for about:blank
1539959033000	Marionette	DEBUG	[2147483649] Received DOM event DOMContentLoaded for http://127.0.0.1:8000/
1539959033040	Marionette	DEBUG	[2147483649] Received DOM event pageshow for http://127.0.0.1:8000/
1539959036085	Marionette	INFO	Stopped listening on port 37081
[Parent 20063, Gecko_IOThread] WARNING: pipe error (76): Connection reset by peer: file /build/firefox-IVlCbR/firefox-62.0.3+build1/ipc/chromium/src/chrome/common/ipc_channel_posix.cc, line 353
1539959037688	mozrunner::runner	INFO	Running command: "/usr/bin/firefox" "-marionette" "-foreground" "-no-remote" "-profile" "/tmp/rust_mozprofile.LwnSzJfjfJAv"

(firefox:20251): Gtk-WARNING **: 15:23:58.352: Theme parsing error: <data>:1:34: Expected ')' in color definition

(firefox:20251): Gtk-WARNING **: 15:23:58.352: Theme parsing error: <data>:1:77: Expected ')' in color definition
1539959039626	Marionette	INFO	Listening on port 39017
1539959039706	Marionette	WARN	TLS certificate errors will be ignored for this session
1539959039768	Marionette	DEBUG	[2147483649] Frame script loaded
1539959039775	Marionette	DEBUG	[2147483649] Frame script registered
1539959039801	Marionette	DEBUG	[2147483649] Received DOM event beforeunload for about:blank
1539959039811	Marionette	DEBUG	[2147483649] Received DOM event pagehide for about:blank
1539959039824	Marionette	DEBUG	[2147483649] Received DOM event DOMContentLoaded for http://127.0.0.1:8000/
1539959039862	Marionette	DEBUG	[2147483649] Received DOM event pageshow for http://127.0.0.1:8000/
1539959042967	Marionette	INFO	Stopped listening on port 39017
[Parent 20251, Gecko_IOThread] WARNING: pipe error (64): Connection reset by peer: file /build/firefox-IVlCbR/firefox-62.0.3+build1/ipc/chromium/src/chrome/common/ipc_channel_posix.cc, line 353
1539970428488	mozrunner::runner	INFO	Running command: "/usr/bin/firefox" "-marionette" "-foreground" "-no-remote" "-profile" "/tmp/rust_mozprofile.kYLAj8RrhdxN"

(firefox:25450): Gtk-WARNING **: 18:33:49.251: Theme parsing error: <data>:1:34: Expected ')' in color definition

(firefox:25450): Gtk-WARNING **: 18:33:49.251: Theme parsing error: <data>:1:77: Expected ')' in color definition
1539970430436	Marionette	INFO	Listening on port 35663
1539970430502	Marionette	WARN	TLS certificate errors will be ignored for this session
1539970430565	Marionette	DEBUG	[2147483649] Frame script loaded
1539970430566	Marionette	DEBUG	[2147483649] Frame script registered
1539970430594	Marionette	DEBUG	[2147483649] Received DOM event beforeunload for about:blank
1539970430610	Marionette	DEBUG	[2147483649] Received DOM event pagehide for about:blank
1539970430617	Marionette	DEBUG	[2147483649] Received DOM event DOMContentLoaded for http://127.0.0.1:8000/
1539970430657	Marionette	DEBUG	[2147483649] Received DOM event pageshow for http://127.0.0.1:8000/
1539970433727	Marionette	INFO	Stopped listening on port 35663
[Parent 25450, Gecko_IOThread] WARNING: pipe error (75): Connection reset by peer: file /build/firefox-IVlCbR/firefox-62.0.3+build1/ipc/chromium/src/chrome/common/ipc_channel_posix.cc, line 353
1539970832294	mozrunner::runner	INFO	Running command: "/usr/bin/firefox" "-marionette" "-foreground" "-no-remote" "-profile" "/tmp/rust_mozprofile.VIp6ByjRt2ic"

(firefox:25812): Gtk-WARNING **: 18:40:32.939: Theme parsing error: <data>:1:34: Expected ')' in color definition

(firefox:25812): Gtk-WARNING **: 18:40:32.939: Theme parsing error: <data>:1:77: Expected ')' in color definition
1539970834081	Marionette	INFO	Listening on port 42025
1539970834109	Marionette	WARN	TLS certificate errors will be ignored for this session
1539970834181	Marionette	DEBUG	[2147483649] Frame script loaded
1539970834192	Marionette	DEBUG	[2147483649] Frame script registered
1539970834220	Marionette	DEBUG	[2147483649] Received DOM event beforeunload for about:blank
1539970834235	Marionette	DEBUG	[2147483649] Received DOM event pagehide for about:blank
1539970834247	Marionette	DEBUG	[2147483649] Received DOM event DOMContentLoaded for http://127.0.0.1:8000/
1539970834290	Marionette	DEBUG	[2147483649] Received DOM event pageshow for http://127.0.0.1:8000/
1539970834393	Marionette	INFO	Stopped listening on port 42025
1539970834427	addons.xpi	WARN	Exception running bootstrap method shutdown on activity-stream@mozilla.org: [Exception... "Component returned failure code: 0x80070057 (NS_ERROR_ILLEGAL_VALUE) [nsIPrefBranch.removeObserver]"  nsresult: "0x80070057 (NS_ERROR_ILLEGAL_VALUE)"  location: "JS frame :: resource://activity-stream/lib/ActivityStreamPrefs.jsm :: ignoreBranch :: line 29"  data: no] Stack trace: ignoreBranch()@resource://activity-stream/lib/ActivityStreamPrefs.jsm:29
uninit()@resource://activity-stream/lib/Store.jsm:172
uninit()@resource://activity-stream/lib/ActivityStream.jsm:363
uninit()@resource://gre/modules/addons/XPIProvider.jsm -> jar:file:///usr/lib/firefox/browser/features/activity-stream@mozilla.org.xpi!/bootstrap.js:86
shutdown()@resource://gre/modules/addons/XPIProvider.jsm -> jar:file:///usr/lib/firefox/browser/features/activity-stream@mozilla.org.xpi!/bootstrap.js:194
callBootstrapMethod()@resource://gre/modules/addons/XPIProvider.jsm:1592
_shutdown()@resource://gre/modules/addons/XPIProvider.jsm:1728
observe()@resource://gre/modules/AsyncShutdown.jsm:541
GeckoDriver.prototype.quit()@driver.js:3319
despatch()@server.js:297
execute()@server.js:271
onPacket/<()@server.js:246
onPacket()@server.js:245
_onJSONObjectReady/<()@transport.js:500
1539970892986	mozrunner::runner	INFO	Running command: "/usr/bin/firefox" "-marionette" "-foreground" "-no-remote" "-profile" "/tmp/rust_mozprofile.luIbLPmKHWKc"

(firefox:26002): Gtk-WARNING **: 18:41:33.647: Theme parsing error: <data>:1:34: Expected ')' in color definition

(firefox:26002): Gtk-WARNING **: 18:41:33.647: Theme parsing error: <data>:1:77: Expected ')' in color definition
1539970894775	Marionette	INFO	Listening on port 38105
1539970894804	Marionette	WARN	TLS certificate errors will be ignored for this session
1539970894863	Marionette	DEBUG	[2147483649] Frame script loaded
1539970894870	Marionette	DEBUG	[2147483649] Frame script registered
1539970894899	Marionette	DEBUG	[2147483649] Received DOM event beforeunload for about:blank
1539970894947	Marionette	DEBUG	[2147483649] Received DOM event pagehide for about:blank
1539970894982	Marionette	DEBUG	[2147483649] Received DOM event DOMContentLoaded for http://127.0.0.1:8000/
1539970895064	Marionette	DEBUG	[2147483649] Received DOM event pageshow for http://127.0.0.1:8000/
1539970895168	Marionette	INFO	Stopped listening on port 38105
1539970895223	addons.xpi	WARN	Exception running bootstrap method shutdown on activity-stream@mozilla.org: [Exception... "Component returned failure code: 0x80070057 (NS_ERROR_ILLEGAL_VALUE) [nsIPrefBranch.removeObserver]"  nsresult: "0x80070057 (NS_ERROR_ILLEGAL_VALUE)"  location: "JS frame :: resource://activity-stream/lib/ActivityStreamPrefs.jsm :: ignoreBranch :: line 29"  data: no] Stack trace: ignoreBranch()@resource://activity-stream/lib/ActivityStreamPrefs.jsm:29
uninit()@resource://activity-stream/lib/Store.jsm:172
uninit()@resource://activity-stream/lib/ActivityStream.jsm:363
uninit()@resource://gre/modules/addons/XPIProvider.jsm -> jar:file:///usr/lib/firefox/browser/features/activity-stream@mozilla.org.xpi!/bootstrap.js:86
shutdown()@resource://gre/modules/addons/XPIProvider.jsm -> jar:file:///usr/lib/firefox/browser/features/activity-stream@mozilla.org.xpi!/bootstrap.js:194
callBootstrapMethod()@resource://gre/modules/addons/XPIProvider.jsm:1592
_shutdown()@resource://gre/modules/addons/XPIProvider.jsm:1728
observe()@resource://gre/modules/AsyncShutdown.jsm:541
GeckoDriver.prototype.quit()@driver.js:3319
despatch()@server.js:297
execute()@server.js:271
onPacket/<()@server.js:246
onPacket()@server.js:245
_onJSONObjectReady/<()@transport.js:500
1539970925097	mozrunner::runner	INFO	Running command: "/usr/bin/firefox" "-marionette" "-foreground" "-no-remote" "-profile" "/tmp/rust_mozprofile.UOCjsGy1RLbn"

(firefox:26201): Gtk-WARNING **: 18:42:05.737: Theme parsing error: <data>:1:34: Expected ')' in color definition

(firefox:26201): Gtk-WARNING **: 18:42:05.737: Theme parsing error: <data>:1:77: Expected ')' in color definition
1539970926949	Marionette	INFO	Listening on port 37995
1539970927007	Marionette	WARN	TLS certificate errors will be ignored for this session
1539970927062	Marionette	DEBUG	[2147483649] Frame script loaded
1539970927063	Marionette	DEBUG	[2147483649] Frame script registered
1539970927117	Marionette	DEBUG	[2147483649] Received DOM event beforeunload for about:blank
1539970927136	Marionette	DEBUG	[2147483649] Received DOM event pagehide for about:blank
1539970927146	Marionette	DEBUG	[2147483649] Received DOM event DOMContentLoaded for http://127.0.0.1:8000/
1539970927186	Marionette	DEBUG	[2147483649] Received DOM event pageshow for http://127.0.0.1:8000/
1539970927271	Marionette	INFO	Stopped listening on port 37995
1539970927304	addons.xpi	WARN	Exception running bootstrap method shutdown on activity-stream@mozilla.org: [Exception... "Component returned failure code: 0x80070057 (NS_ERROR_ILLEGAL_VALUE) [nsIPrefBranch.removeObserver]"  nsresult: "0x80070057 (NS_ERROR_ILLEGAL_VALUE)"  location: "JS frame :: resource://activity-stream/lib/ActivityStreamPrefs.jsm :: ignoreBranch :: line 29"  data: no] Stack trace: ignoreBranch()@resource://activity-stream/lib/ActivityStreamPrefs.jsm:29
uninit()@resource://activity-stream/lib/Store.jsm:172
uninit()@resource://activity-stream/lib/ActivityStream.jsm:363
uninit()@resource://gre/modules/addons/XPIProvider.jsm -> jar:file:///usr/lib/firefox/browser/features/activity-stream@mozilla.org.xpi!/bootstrap.js:86
shutdown()@resource://gre/modules/addons/XPIProvider.jsm -> jar:file:///usr/lib/firefox/browser/features/activity-stream@mozilla.org.xpi!/bootstrap.js:194
callBootstrapMethod()@resource://gre/modules/addons/XPIProvider.jsm:1592
_shutdown()@resource://gre/modules/addons/XPIProvider.jsm:1728
observe()@resource://gre/modules/AsyncShutdown.jsm:541
GeckoDriver.prototype.quit()@driver.js:3319
despatch()@server.js:297
execute()@server.js:271
onPacket/<()@server.js:246
onPacket()@server.js:245
_onJSONObjectReady/<()@transport.js:500
1539970950272	mozrunner::runner	INFO	Running command: "/usr/bin/firefox" "-marionette" "-foreground" "-no-remote" "-profile" "/tmp/rust_mozprofile.pYnT3DdRvb6J"

(firefox:26377): Gtk-WARNING **: 18:42:30.912: Theme parsing error: <data>:1:34: Expected ')' in color definition

(firefox:26377): Gtk-WARNING **: 18:42:30.912: Theme parsing error: <data>:1:77: Expected ')' in color definition
1539970952095	Marionette	INFO	Listening on port 45367
1539970952191	Marionette	WARN	TLS certificate errors will be ignored for this session
1539970952262	Marionette	DEBUG	[2147483649] Frame script loaded
1539970952270	Marionette	DEBUG	[2147483649] Frame script registered
1539970952290	Marionette	DEBUG	[2147483649] Received DOM event beforeunload for about:blank
1539970952299	Marionette	DEBUG	[2147483649] Received DOM event pagehide for about:blank
1539970952308	Marionette	DEBUG	[2147483649] Received DOM event DOMContentLoaded for http://127.0.0.1:8000/
1539970952370	Marionette	DEBUG	[2147483649] Received DOM event pageshow for http://127.0.0.1:8000/
1539970955496	Marionette	INFO	Stopped listening on port 45367
[Parent 26377, Gecko_IOThread] WARNING: pipe error (76): Connection reset by peer: file /build/firefox-IVlCbR/firefox-62.0.3+build1/ipc/chromium/src/chrome/common/ipc_channel_posix.cc, line 353
1539971140066	mozrunner::runner	INFO	Running command: "/usr/bin/firefox" "-marionette" "-foreground" "-no-remote" "-profile" "/tmp/rust_mozprofile.qyEJ08qnKEOo"

(firefox:26690): Gtk-WARNING **: 18:45:40.719: Theme parsing error: <data>:1:34: Expected ')' in color definition

(firefox:26690): Gtk-WARNING **: 18:45:40.719: Theme parsing error: <data>:1:77: Expected ')' in color definition
1539971141886	Marionette	INFO	Listening on port 32805
1539971141992	Marionette	WARN	TLS certificate errors will be ignored for this session
1539971142040	Marionette	DEBUG	[2147483649] Frame script loaded
1539971142041	Marionette	DEBUG	[2147483649] Frame script registered
1539971142059	Marionette	DEBUG	[2147483649] Received DOM event beforeunload for about:blank
1539971142079	Marionette	DEBUG	[2147483649] Received DOM event pagehide for about:blank
1539971142091	Marionette	DEBUG	[2147483649] Received DOM event DOMContentLoaded for http://127.0.0.1:8000/
1539971142143	Marionette	DEBUG	[2147483649] Received DOM event pageshow for http://127.0.0.1:8000/
1539971145271	Marionette	INFO	Stopped listening on port 32805
1539971166544	mozrunner::runner	INFO	Running command: "/usr/bin/firefox" "-marionette" "-foreground" "-no-remote" "-profile" "/tmp/rust_mozprofile.Wq1Yhvx8aC6g"

(firefox:26891): Gtk-WARNING **: 18:46:07.181: Theme parsing error: <data>:1:34: Expected ')' in color definition

(firefox:26891): Gtk-WARNING **: 18:46:07.181: Theme parsing error: <data>:1:77: Expected ')' in color definition
1539971168367	Marionette	INFO	Listening on port 33649
1539971168451	Marionette	WARN	TLS certificate errors will be ignored for this session
1539971168505	Marionette	DEBUG	[2147483649] Frame script loaded
1539971168520	Marionette	DEBUG	[2147483649] Frame script registered
1539971168550	Marionette	DEBUG	[2147483649] Received DOM event beforeunload for about:blank
1539971168565	Marionette	DEBUG	[2147483649] Received DOM event pagehide for about:blank
1539971168593	Marionette	DEBUG	[2147483649] Received DOM event DOMContentLoaded for http://127.0.0.1:8000/
1539971168628	Marionette	DEBUG	[2147483649] Received DOM event pageshow for http://127.0.0.1:8000/
1539971168780	Marionette	INFO	Stopped listening on port 33649
1539971168834	addons.xpi	WARN	Exception running bootstrap method shutdown on activity-stream@mozilla.org: [Exception... "Component returned failure code: 0x80070057 (NS_ERROR_ILLEGAL_VALUE) [nsINavHistoryService.removeObserver]"  nsresult: "0x80070057 (NS_ERROR_ILLEGAL_VALUE)"  location: "JS frame :: resource://activity-stream/lib/PlacesFeed.jsm :: removeObservers :: line 218"  data: no] Stack trace: removeObservers()@resource://activity-stream/lib/PlacesFeed.jsm:218
onAction()@resource://activity-stream/lib/PlacesFeed.jsm:294
_middleware/</<()@resource://activity-stream/lib/Store.jsm:51
Store/this[method]()@resource://activity-stream/lib/Store.jsm:29
uninit()@resource://activity-stream/lib/Store.jsm:170
uninit()@resource://activity-stream/lib/ActivityStream.jsm:363
uninit()@resource://gre/modules/addons/XPIProvider.jsm -> jar:file:///usr/lib/firefox/browser/features/activity-stream@mozilla.org.xpi!/bootstrap.js:86
shutdown()@resource://gre/modules/addons/XPIProvider.jsm -> jar:file:///usr/lib/firefox/browser/features/activity-stream@mozilla.org.xpi!/bootstrap.js:194
callBootstrapMethod()@resource://gre/modules/addons/XPIProvider.jsm:1592
_shutdown()@resource://gre/modules/addons/XPIProvider.jsm:1728
observe()@resource://gre/modules/AsyncShutdown.jsm:541
GeckoDriver.prototype.quit()@driver.js:3319
despatch()@server.js:297
execute()@server.js:271
onPacket/<()@server.js:246
onPacket()@server.js:245
_onJSONObjectReady/<()@transport.js:500
[Parent 26891, Gecko_IOThread] WARNING: pipe error (77): Connection reset by peer: file /build/firefox-IVlCbR/firefox-62.0.3+build1/ipc/chromium/src/chrome/common/ipc_channel_posix.cc, line 353
1539971268991	mozrunner::runner	INFO	Running command: "/usr/bin/firefox" "-marionette" "-foreground" "-no-remote" "-profile" "/tmp/rust_mozprofile.OvlatTzFewi9"

(firefox:27100): Gtk-WARNING **: 18:47:49.632: Theme parsing error: <data>:1:34: Expected ')' in color definition

(firefox:27100): Gtk-WARNING **: 18:47:49.632: Theme parsing error: <data>:1:77: Expected ')' in color definition
1539971270893	Marionette	INFO	Listening on port 37861
1539971270903	Marionette	WARN	TLS certificate errors will be ignored for this session
1539971270963	Marionette	DEBUG	[2147483649] Frame script loaded
1539971270972	Marionette	DEBUG	[2147483649] Frame script registered
1539971271008	Marionette	DEBUG	[2147483649] Received DOM event beforeunload for about:blank
1539971271037	Marionette	DEBUG	[2147483649] Received DOM event pagehide for about:blank
1539971271059	Marionette	DEBUG	[2147483649] Received DOM event DOMContentLoaded for http://127.0.0.1:8000/
1539971271092	Marionette	DEBUG	[2147483649] Received DOM event pageshow for http://127.0.0.1:8000/
1539971271406	Marionette	INFO	Stopped listening on port 37861
[Parent 27100, Gecko_IOThread] WARNING: pipe error (66): Connection reset by peer: file /build/firefox-IVlCbR/firefox-62.0.3+build1/ipc/chromium/src/chrome/common/ipc_channel_posix.cc, line 353
1539972431801	mozrunner::runner	INFO	Running command: "/usr/bin/firefox" "-marionette" "-foreground" "-no-remote" "-profile" "/tmp/rust_mozprofile.z1fWTwwaurtS"

(firefox:27678): Gtk-WARNING **: 19:07:12.463: Theme parsing error: <data>:1:34: Expected ')' in color definition

(firefox:27678): Gtk-WARNING **: 19:07:12.463: Theme parsing error: <data>:1:77: Expected ')' in color definition
1539972433653	Marionette	INFO	Listening on port 36419
1539972433732	Marionette	WARN	TLS certificate errors will be ignored for this session
1539972433790	Marionette	DEBUG	[2147483649] Frame script loaded
1539972433790	Marionette	DEBUG	[2147483649] Frame script registered
1539972433816	Marionette	DEBUG	[2147483649] Received DOM event beforeunload for about:blank
1539972433839	Marionette	DEBUG	[2147483649] Received DOM event pagehide for about:blank
1539972433859	Marionette	DEBUG	[2147483649] Received DOM event DOMContentLoaded for http://127.0.0.1:8000/
1539972433889	Marionette	DEBUG	[2147483649] Received DOM event pageshow for http://127.0.0.1:8000/
1539972434004	Marionette	INFO	Stopped listening on port 36419
1539972434036	addons.xpi	WARN	Exception running bootstrap method shutdown on activity-stream@mozilla.org: TypeError: setting getter-only property "_currentSearchHostname" (resource://activity-stream/lib/TopSitesFeed.jsm:86:5) JS Stack trace: uninit@TopSitesFeed.jsm:86:5
onAction@TopSitesFeed.jsm:707:9
_middleware/</<@Store.jsm:51:11
Store/this[method]@Store.jsm:29:55
uninit@Store.jsm:170:7
uninit@ActivityStream.jsm:363:5
uninit@resource://gre/modules/addons/XPIProvider.jsm -> jar:file:///usr/lib/firefox/browser/features/activity-stream@bootstrap.js:86:5
shutdown@resource://gre/modules/addons/XPIProvider.jsm -> jar:file:///usr/lib/firefox/browser/features/activity-stream@bootstrap.js:194:3
callBootstrapMethod@XPIProvider.jsm:1592:20
_shutdown@XPIProvider.jsm:1728:12
observe@AsyncShutdown.jsm:541:9
GeckoDriver.prototype.quit@driver.js:3319:3
despatch@server.js:297:20
execute@server.js:271:11
onPacket/<@server.js:246:15
onPacket@server.js:245:8
_onJSONObjectReady/<@transport.js:500:9
JavaScript error: resource://gre/modules/Sqlite.jsm, line 841: Error: Connection is not open.
1539972440086	mozrunner::runner	INFO	Running command: "/usr/bin/firefox" "-marionette" "-foreground" "-no-remote" "-profile" "/tmp/rust_mozprofile.UoXoGSBj4zRr"

(firefox:27863): Gtk-WARNING **: 19:07:20.748: Theme parsing error: <data>:1:34: Expected ')' in color definition

(firefox:27863): Gtk-WARNING **: 19:07:20.749: Theme parsing error: <data>:1:77: Expected ')' in color definition
1539972441887	Marionette	INFO	Listening on port 45369
1539972441897	Marionette	WARN	TLS certificate errors will be ignored for this session
1539972441963	Marionette	DEBUG	[2147483649] Frame script loaded
1539972441964	Marionette	DEBUG	[2147483649] Frame script registered
1539972441997	Marionette	DEBUG	[2147483649] Received DOM event beforeunload for about:blank
1539972442020	Marionette	DEBUG	[2147483649] Received DOM event pagehide for about:blank
1539972442043	Marionette	DEBUG	[2147483649] Received DOM event DOMContentLoaded for http://127.0.0.1:8000/
1539972442072	Marionette	DEBUG	[2147483649] Received DOM event pageshow for http://127.0.0.1:8000/
1539972442189	Marionette	INFO	Stopped listening on port 45369
1539972442220	addons.xpi	WARN	Exception running bootstrap method shutdown on activity-stream@mozilla.org: [Exception... "Component returned failure code: 0x80070057 (NS_ERROR_ILLEGAL_VALUE) [nsIPrefBranch.removeObserver]"  nsresult: "0x80070057 (NS_ERROR_ILLEGAL_VALUE)"  location: "JS frame :: resource://activity-stream/lib/ActivityStreamPrefs.jsm :: ignoreBranch :: line 29"  data: no] Stack trace: ignoreBranch()@resource://activity-stream/lib/ActivityStreamPrefs.jsm:29
uninit()@resource://activity-stream/lib/Store.jsm:172
uninit()@resource://activity-stream/lib/ActivityStream.jsm:363
uninit()@resource://gre/modules/addons/XPIProvider.jsm -> jar:file:///usr/lib/firefox/browser/features/activity-stream@mozilla.org.xpi!/bootstrap.js:86
shutdown()@resource://gre/modules/addons/XPIProvider.jsm -> jar:file:///usr/lib/firefox/browser/features/activity-stream@mozilla.org.xpi!/bootstrap.js:194
callBootstrapMethod()@resource://gre/modules/addons/XPIProvider.jsm:1592
_shutdown()@resource://gre/modules/addons/XPIProvider.jsm:1728
observe()@resource://gre/modules/AsyncShutdown.jsm:541
GeckoDriver.prototype.quit()@driver.js:3319
despatch()@server.js:297
execute()@server.js:271
onPacket/<()@server.js:246
onPacket()@server.js:245
_onJSONObjectReady/<()@transport.js:500
1539972480226	mozrunner::runner	INFO	Running command: "/usr/bin/firefox" "-marionette" "-foreground" "-no-remote" "-profile" "/tmp/rust_mozprofile.o2oIyySJhAsR"

(firefox:28042): Gtk-WARNING **: 19:08:00.881: Theme parsing error: <data>:1:34: Expected ')' in color definition

(firefox:28042): Gtk-WARNING **: 19:08:00.881: Theme parsing error: <data>:1:77: Expected ')' in color definition
1539972482033	Marionette	INFO	Listening on port 42413
1539972482145	Marionette	WARN	TLS certificate errors will be ignored for this session
1539972482196	Marionette	DEBUG	[2147483649] Frame script loaded
1539972482197	Marionette	DEBUG	[2147483649] Frame script registered
1539972482214	Marionette	DEBUG	[2147483649] Received DOM event beforeunload for about:blank
1539972482223	Marionette	DEBUG	[2147483649] Received DOM event pagehide for about:blank
1539972482240	Marionette	DEBUG	[2147483649] Received DOM event DOMContentLoaded for http://127.0.0.1:8000/
1539972482296	Marionette	DEBUG	[2147483649] Received DOM event pageshow for http://127.0.0.1:8000/
1539972485439	Marionette	INFO	Stopped listening on port 42413
1539972496875	mozrunner::runner	INFO	Running command: "/usr/bin/firefox" "-marionette" "-foreground" "-no-remote" "-profile" "/tmp/rust_mozprofile.ZdWcMZlJf9NU"

(firefox:28235): Gtk-WARNING **: 19:08:17.537: Theme parsing error: <data>:1:34: Expected ')' in color definition

(firefox:28235): Gtk-WARNING **: 19:08:17.537: Theme parsing error: <data>:1:77: Expected ')' in color definition
1539972498681	Marionette	INFO	Listening on port 40079
1539972498694	Marionette	WARN	TLS certificate errors will be ignored for this session
1539972498766	Marionette	DEBUG	[2147483649] Frame script loaded
1539972498767	Marionette	DEBUG	[2147483649] Frame script registered
1539972498804	Marionette	DEBUG	[2147483649] Received DOM event beforeunload for about:blank
1539972498828	Marionette	DEBUG	[2147483649] Received DOM event pagehide for about:blank
1539972498846	Marionette	DEBUG	[2147483649] Received DOM event DOMContentLoaded for http://127.0.0.1:8000/
1539972498903	Marionette	DEBUG	[2147483649] Received DOM event pageshow for http://127.0.0.1:8000/
1539972499020	Marionette	INFO	Stopped listening on port 40079
1539972499059	addons.xpi	WARN	Exception running bootstrap method shutdown on activity-stream@mozilla.org: [Exception... "Component returned failure code: 0x80070057 (NS_ERROR_ILLEGAL_VALUE) [nsIPrefBranch.removeObserver]"  nsresult: "0x80070057 (NS_ERROR_ILLEGAL_VALUE)"  location: "JS frame :: resource://activity-stream/lib/ActivityStreamPrefs.jsm :: ignoreBranch :: line 29"  data: no] Stack trace: ignoreBranch()@resource://activity-stream/lib/ActivityStreamPrefs.jsm:29
uninit()@resource://activity-stream/lib/Store.jsm:172
uninit()@resource://activity-stream/lib/ActivityStream.jsm:363
uninit()@resource://gre/modules/addons/XPIProvider.jsm -> jar:file:///usr/lib/firefox/browser/features/activity-stream@mozilla.org.xpi!/bootstrap.js:86
shutdown()@resource://gre/modules/addons/XPIProvider.jsm -> jar:file:///usr/lib/firefox/browser/features/activity-stream@mozilla.org.xpi!/bootstrap.js:194
callBootstrapMethod()@resource://gre/modules/addons/XPIProvider.jsm:1592
_shutdown()@resource://gre/modules/addons/XPIProvider.jsm:1728
observe()@resource://gre/modules/AsyncShutdown.jsm:541
GeckoDriver.prototype.quit()@driver.js:3319
despatch()@server.js:297
execute()@server.js:271
onPacket/<()@server.js:246
onPacket()@server.js:245
_onJSONObjectReady/<()@transport.js:500
1539972514072	mozrunner::runner	INFO	Running command: "/usr/bin/firefox" "-marionette" "-foreground" "-no-remote" "-profile" "/tmp/rust_mozprofile.Ezt7TXjWxMXc"

(firefox:28413): Gtk-WARNING **: 19:08:34.763: Theme parsing error: <data>:1:34: Expected ')' in color definition

(firefox:28413): Gtk-WARNING **: 19:08:34.763: Theme parsing error: <data>:1:77: Expected ')' in color definition
1539972516044	Marionette	INFO	Listening on port 32995
1539972516089	Marionette	WARN	TLS certificate errors will be ignored for this session
1539972516145	Marionette	DEBUG	[2147483649] Frame script loaded
1539972516163	Marionette	DEBUG	[2147483649] Frame script registered
1539972516192	Marionette	DEBUG	[2147483649] Received DOM event beforeunload for about:blank
1539972516204	Marionette	DEBUG	[2147483649] Received DOM event pagehide for about:blank
1539972516221	Marionette	DEBUG	[2147483649] Received DOM event DOMContentLoaded for http://127.0.0.1:8000/
1539972516249	Marionette	DEBUG	[2147483649] Received DOM event pageshow for http://127.0.0.1:8000/
1539972519490	Marionette	INFO	Stopped listening on port 32995
[Parent 28413, Gecko_IOThread] WARNING: pipe error (69): Connection reset by peer: file /build/firefox-IVlCbR/firefox-62.0.3+build1/ipc/chromium/src/chrome/common/ipc_channel_posix.cc, line 353
1539972538348	mozrunner::runner	INFO	Running command: "/usr/bin/firefox" "-marionette" "-foreground" "-no-remote" "-profile" "/tmp/rust_mozprofile.uTl6PqZHnxVt"

(firefox:28646): Gtk-WARNING **: 19:08:59.004: Theme parsing error: <data>:1:34: Expected ')' in color definition

(firefox:28646): Gtk-WARNING **: 19:08:59.004: Theme parsing error: <data>:1:77: Expected ')' in color definition
1539972540137	Marionette	INFO	Listening on port 39081
1539972540159	Marionette	WARN	TLS certificate errors will be ignored for this session
1539972540232	Marionette	DEBUG	[2147483649] Frame script loaded
1539972540236	Marionette	DEBUG	[2147483649] Frame script registered
1539972540309	Marionette	DEBUG	[2147483649] Received DOM event beforeunload for about:blank
1539972540331	Marionette	DEBUG	[2147483649] Received DOM event pagehide for about:blank
1539972540345	Marionette	DEBUG	[2147483649] Received DOM event DOMContentLoaded for http://127.0.0.1:8000/
1539972540401	Marionette	DEBUG	[2147483649] Received DOM event pageshow for http://127.0.0.1:8000/
1539972540646	Marionette	INFO	Stopped listening on port 39081
1539972551934	mozrunner::runner	INFO	Running command: "/usr/bin/firefox" "-marionette" "-foreground" "-no-remote" "-profile" "/tmp/rust_mozprofile.8cbn9KN2IVvT"

(firefox:28852): Gtk-WARNING **: 19:09:12.575: Theme parsing error: <data>:1:34: Expected ')' in color definition

(firefox:28852): Gtk-WARNING **: 19:09:12.575: Theme parsing error: <data>:1:77: Expected ')' in color definition
1539972553869	Marionette	INFO	Listening on port 40461
1539972553948	Marionette	WARN	TLS certificate errors will be ignored for this session
1539972553995	Marionette	DEBUG	[2147483649] Frame script loaded
1539972553996	Marionette	DEBUG	[2147483649] Frame script registered
1539972554015	Marionette	DEBUG	[2147483649] Received DOM event beforeunload for about:blank
1539972554027	Marionette	DEBUG	[2147483649] Received DOM event pagehide for about:blank
1539972554037	Marionette	DEBUG	[2147483649] Received DOM event DOMContentLoaded for http://127.0.0.1:8000/
1539972554088	Marionette	DEBUG	[2147483649] Received DOM event pageshow for http://127.0.0.1:8000/
1539972557332	Marionette	INFO	Stopped listening on port 40461
[Parent 28852, Gecko_IOThread] WARNING: pipe error (73): Connection reset by peer: file /build/firefox-IVlCbR/firefox-62.0.3+build1/ipc/chromium/src/chrome/common/ipc_channel_posix.cc, line 353
1539972573084	mozrunner::runner	INFO	Running command: "/usr/bin/firefox" "-marionette" "-foreground" "-no-remote" "-profile" "/tmp/rust_mozprofile.JY0cVTOjx2lz"

(firefox:29058): Gtk-WARNING **: 19:09:33.756: Theme parsing error: <data>:1:34: Expected ')' in color definition

(firefox:29058): Gtk-WARNING **: 19:09:33.756: Theme parsing error: <data>:1:77: Expected ')' in color definition
1539972574901	Marionette	INFO	Listening on port 32889
1539972574993	Marionette	WARN	TLS certificate errors will be ignored for this session
1539972575044	Marionette	DEBUG	[2147483649] Frame script loaded
1539972575045	Marionette	DEBUG	[2147483649] Frame script registered
1539972575068	Marionette	DEBUG	[2147483649] Received DOM event beforeunload for about:blank
1539972575110	Marionette	DEBUG	[2147483649] Received DOM event pagehide for about:blank
1539972575134	Marionette	DEBUG	[2147483649] Received DOM event DOMContentLoaded for http://127.0.0.1:8000/
1539972575176	Marionette	DEBUG	[2147483649] Received DOM event pageshow for http://127.0.0.1:8000/
1539972575397	Marionette	INFO	Stopped listening on port 32889
1539972575436	addons.xpi	WARN	Exception running bootstrap method shutdown on activity-stream@mozilla.org: TypeError: setting getter-only property "_currentSearchHostname" (resource://activity-stream/lib/TopSitesFeed.jsm:86:5) JS Stack trace: uninit@TopSitesFeed.jsm:86:5
onAction@TopSitesFeed.jsm:707:9
_middleware/</<@Store.jsm:51:11
Store/this[method]@Store.jsm:29:55
uninit@Store.jsm:170:7
uninit@ActivityStream.jsm:363:5
uninit@resource://gre/modules/addons/XPIProvider.jsm -> jar:file:///usr/lib/firefox/browser/features/activity-stream@bootstrap.js:86:5
shutdown@resource://gre/modules/addons/XPIProvider.jsm -> jar:file:///usr/lib/firefox/browser/features/activity-stream@bootstrap.js:194:3
callBootstrapMethod@XPIProvider.jsm:1592:20
_shutdown@XPIProvider.jsm:1728:12
observe@AsyncShutdown.jsm:541:9
GeckoDriver.prototype.quit@driver.js:3319:3
despatch@server.js:297:20
execute@server.js:271:11
onPacket/<@server.js:246:15
onPacket@server.js:245:8
_onJSONObjectReady/<@transport.js:500:9
1539973204383	mozrunner::runner	INFO	Running command: "/usr/bin/firefox" "-marionette" "-foreground" "-no-remote" "-profile" "/tmp/rust_mozprofile.z4K3r7P11fGq"

(firefox:29817): Gtk-WARNING **: 19:20:05.028: Theme parsing error: <data>:1:34: Expected ')' in color definition

(firefox:29817): Gtk-WARNING **: 19:20:05.028: Theme parsing error: <data>:1:77: Expected ')' in color definition
1539973206237	Marionette	INFO	Listening on port 42295
1539973206300	Marionette	WARN	TLS certificate errors will be ignored for this session
1539973206357	Marionette	DEBUG	[2147483649] Frame script loaded
1539973206362	Marionette	DEBUG	[2147483649] Frame script registered
1539973206401	Marionette	DEBUG	[2147483649] Received DOM event beforeunload for about:blank
1539973206412	Marionette	DEBUG	[2147483649] Received DOM event pagehide for about:blank
1539973206423	Marionette	DEBUG	[2147483649] Received DOM event DOMContentLoaded for http://127.0.0.1:8000/
1539973206468	Marionette	DEBUG	[2147483649] Received DOM event pageshow for http://127.0.0.1:8000/
1539973209739	Marionette	INFO	Stopped listening on port 42295
[Parent 29817, Gecko_IOThread] WARNING: pipe error (76): Connection reset by peer: file /build/firefox-IVlCbR/firefox-62.0.3+build1/ipc/chromium/src/chrome/common/ipc_channel_posix.cc, line 353
1539973286977	mozrunner::runner	INFO	Running command: "/usr/bin/firefox" "-marionette" "-foreground" "-no-remote" "-profile" "/tmp/rust_mozprofile.RsxGvik302LC"

(firefox:30115): Gtk-WARNING **: 19:21:27.600: Theme parsing error: <data>:1:34: Expected ')' in color definition

(firefox:30115): Gtk-WARNING **: 19:21:27.600: Theme parsing error: <data>:1:77: Expected ')' in color definition
1539973288820	Marionette	INFO	Listening on port 45991
1539973288905	Marionette	WARN	TLS certificate errors will be ignored for this session
1539973288952	Marionette	DEBUG	[2147483649] Frame script loaded
1539973288953	Marionette	DEBUG	[2147483649] Frame script registered
1539973288967	Marionette	DEBUG	[2147483649] Received DOM event beforeunload for about:blank
1539973288981	Marionette	DEBUG	[2147483649] Received DOM event pagehide for about:blank
1539973288988	Marionette	DEBUG	[2147483649] Received DOM event DOMContentLoaded for http://127.0.0.1:8000/
1539973289037	Marionette	DEBUG	[2147483649] Received DOM event pageshow for http://127.0.0.1:8000/
1539973289364	Marionette	INFO	Stopped listening on port 45991
[Parent 30115, Gecko_IOThread] WARNING: pipe error (77): Connection reset by peer: file /build/firefox-IVlCbR/firefox-62.0.3+build1/ipc/chromium/src/chrome/common/ipc_channel_posix.cc, line 353
1539973468392	mozrunner::runner	INFO	Running command: "/usr/bin/firefox" "-marionette" "-foreground" "-no-remote" "-profile" "/tmp/rust_mozprofile.PKMqvCuxfVLz"

(firefox:30585): Gtk-WARNING **: 19:24:29.051: Theme parsing error: <data>:1:34: Expected ')' in color definition

(firefox:30585): Gtk-WARNING **: 19:24:29.051: Theme parsing error: <data>:1:77: Expected ')' in color definition
1539973470187	Marionette	INFO	Listening on port 41817
1539973470200	Marionette	WARN	TLS certificate errors will be ignored for this session
1539973470255	Marionette	DEBUG	[2147483649] Frame script loaded
1539973470259	Marionette	DEBUG	[2147483649] Frame script registered
1539973470296	Marionette	DEBUG	[2147483649] Received DOM event beforeunload for about:blank
1539973470327	Marionette	DEBUG	[2147483649] Received DOM event pagehide for about:blank
1539973470358	Marionette	DEBUG	[2147483649] Received DOM event DOMContentLoaded for http://127.0.0.1:8000/
1539973470389	Marionette	DEBUG	[2147483649] Received DOM event pageshow for http://127.0.0.1:8000/
1539973470923	Marionette	DEBUG	[2147483649] Canceled page load listener because no navigation has been detected
1539973470929	Marionette	INFO	Stopped listening on port 41817
[Parent 30585, Gecko_IOThread] WARNING: pipe error (78): Connection reset by peer: file /build/firefox-IVlCbR/firefox-62.0.3+build1/ipc/chromium/src/chrome/common/ipc_channel_posix.cc, line 353
1539973504818	mozrunner::runner	INFO	Running command: "/usr/bin/firefox" "-marionette" "-foreground" "-no-remote" "-profile" "/tmp/rust_mozprofile.sGkSo6UmbJBA"

(firefox:30797): Gtk-WARNING **: 19:25:05.434: Theme parsing error: <data>:1:34: Expected ')' in color definition

(firefox:30797): Gtk-WARNING **: 19:25:05.434: Theme parsing error: <data>:1:77: Expected ')' in color definition
1539973506555	Marionette	INFO	Listening on port 43351
1539973506626	Marionette	WARN	TLS certificate errors will be ignored for this session
1539973506702	Marionette	DEBUG	[2147483649] Frame script loaded
1539973506705	Marionette	DEBUG	[2147483649] Frame script registered
1539973506730	Marionette	DEBUG	[2147483649] Received DOM event beforeunload for about:blank
1539973506748	Marionette	DEBUG	[2147483649] Received DOM event pagehide for about:blank
1539973506755	Marionette	DEBUG	[2147483649] Received DOM event DOMContentLoaded for http://127.0.0.1:8000/
1539973506807	Marionette	DEBUG	[2147483649] Received DOM event pageshow for http://127.0.0.1:8000/
1539973507305	Marionette	DEBUG	[2147483649] Canceled page load listener because no navigation has been detected
1539973510320	Marionette	INFO	Stopped listening on port 43351
[Parent 30797, Gecko_IOThread] WARNING: pipe error (76): Connection reset by peer: file /build/firefox-IVlCbR/firefox-62.0.3+build1/ipc/chromium/src/chrome/common/ipc_channel_posix.cc, line 353
1539973614331	mozrunner::runner	INFO	Running command: "/usr/bin/firefox" "-marionette" "-foreground" "-no-remote" "-profile" "/tmp/rust_mozprofile.F5j8UqpXq4Sy"

(firefox:31060): Gtk-WARNING **: 19:26:54.984: Theme parsing error: <data>:1:34: Expected ')' in color definition

(firefox:31060): Gtk-WARNING **: 19:26:54.984: Theme parsing error: <data>:1:77: Expected ')' in color definition
1539973616188	Marionette	INFO	Listening on port 46869
1539973616244	Marionette	WARN	TLS certificate errors will be ignored for this session
1539973616309	Marionette	DEBUG	[2147483649] Frame script loaded
1539973616318	Marionette	DEBUG	[2147483649] Frame script registered
1539973616356	Marionette	DEBUG	[2147483649] Received DOM event beforeunload for about:blank
1539973616373	Marionette	DEBUG	[2147483649] Received DOM event pagehide for about:blank
1539973616405	Marionette	DEBUG	[2147483649] Received DOM event DOMContentLoaded for http://127.0.0.1:8000/
1539973616423	Marionette	DEBUG	[2147483649] Received DOM event pageshow for http://127.0.0.1:8000/
1539973616977	Marionette	DEBUG	[2147483649] Canceled page load listener because no navigation has been detected
1539973620002	Marionette	INFO	Stopped listening on port 46869
[Parent 31060, Gecko_IOThread] WARNING: pipe error (76): Connection reset by peer: file /build/firefox-IVlCbR/firefox-62.0.3+build1/ipc/chromium/src/chrome/common/ipc_channel_posix.cc, line 353
1539973716512	mozrunner::runner	INFO	Running command: "/usr/bin/firefox" "-marionette" "-foreground" "-no-remote" "-profile" "/tmp/rust_mozprofile.aJHcymCxHyvQ"

(firefox:31260): Gtk-WARNING **: 19:28:37.153: Theme parsing error: <data>:1:34: Expected ')' in color definition

(firefox:31260): Gtk-WARNING **: 19:28:37.153: Theme parsing error: <data>:1:77: Expected ')' in color definition
1539973718282	Marionette	INFO	Listening on port 35989
1539973718322	Marionette	WARN	TLS certificate errors will be ignored for this session
1539973718381	Marionette	DEBUG	[2147483649] Frame script loaded
1539973718394	Marionette	DEBUG	[2147483649] Frame script registered
1539973718424	Marionette	DEBUG	[2147483649] Received DOM event beforeunload for about:blank
1539973718464	Marionette	DEBUG	[2147483649] Received DOM event pagehide for about:blank
1539973718493	Marionette	DEBUG	[2147483649] Received DOM event DOMContentLoaded for http://127.0.0.1:8000/
1539973718533	Marionette	DEBUG	[2147483649] Received DOM event pageshow for http://127.0.0.1:8000/
1539973719075	Marionette	DEBUG	[2147483649] Canceled page load listener because no navigation has been detected
1539973722104	Marionette	INFO	Stopped listening on port 35989
